<?xml version="1.0" encoding="UTF-8"?>
<!-- Generated by org.testng.reporters.JUnitReportReporter -->
<testsuite skipped="0" hostname="LAPTOP-50R24AM0" name="com.demo.amazonbdddocker.testrunner.TestRunner" tests="1" failures="0" timestamp="2020-07-22T02:21:32 IST" time="19.241" errors="0">
  <testcase name="getFeature" time="19.241" classname="com.demo.amazonbdddocker.testrunner.TestRunner"/>
  <system-out/>
</testsuite> <!-- com.demo.amazonbdddocker.testrunner.TestRunner -->
